# Logfile created on 2014-05-29 15:16:44 -0700 by logger.rb/41954
I, [2014-05-29T15:16:44.413152 #10456]  INFO -- : 0:  rake (10.3.2) from /Users/sethdowden/git/blog/jekyll-incorporated/vendor/bundle/ruby/2.0.0/specifications/rake-10.3.2.gemspec
I, [2014-05-29T15:19:23.671762 #10456]  INFO -- : 0:  RedCloth (4.2.9) from /Users/sethdowden/git/blog/jekyll-incorporated/vendor/bundle/ruby/2.0.0/specifications/RedCloth-4.2.9.gemspec
I, [2014-05-29T15:19:37.846614 #10456]  INFO -- : 0:  i18n (0.6.9) from /Users/sethdowden/git/blog/jekyll-incorporated/vendor/bundle/ruby/2.0.0/specifications/i18n-0.6.9.gemspec
I, [2014-05-29T15:20:11.116972 #10456]  INFO -- : 0:  json (1.8.1) from /Users/sethdowden/git/blog/jekyll-incorporated/vendor/bundle/ruby/2.0.0/specifications/json-1.8.1.gemspec
I, [2014-05-29T15:20:26.740934 #10456]  INFO -- : 0:  minitest (5.3.4) from /Users/sethdowden/git/blog/jekyll-incorporated/vendor/bundle/ruby/2.0.0/specifications/minitest-5.3.4.gemspec
I, [2014-05-29T15:20:52.414034 #10456]  INFO -- : 0:  thread_safe (0.3.4) from /Users/sethdowden/git/blog/jekyll-incorporated/vendor/bundle/ruby/2.0.0/specifications/thread_safe-0.3.4.gemspec
I, [2014-05-29T15:21:06.438564 #10456]  INFO -- : 0:  tzinfo (1.2.0) from /Users/sethdowden/git/blog/jekyll-incorporated/vendor/bundle/ruby/2.0.0/specifications/tzinfo-1.2.0.gemspec
I, [2014-05-29T15:21:50.439978 #10456]  INFO -- : 0:  activesupport (4.1.1) from /Users/sethdowden/git/blog/jekyll-incorporated/vendor/bundle/ruby/2.0.0/specifications/activesupport-4.1.1.gemspec
I, [2014-05-29T15:22:07.422824 #10456]  INFO -- : 0:  blankslate (2.1.2.4) from /Users/sethdowden/git/blog/jekyll-incorporated/vendor/bundle/ruby/2.0.0/specifications/blankslate-2.1.2.4.gemspec
I, [2014-05-29T15:22:15.147508 #10456]  INFO -- : 0:  fast-stemmer (1.0.2) from /Users/sethdowden/git/blog/jekyll-incorporated/vendor/bundle/ruby/2.0.0/specifications/fast-stemmer-1.0.2.gemspec
I, [2014-05-29T15:22:26.807764 #10456]  INFO -- : 0:  classifier (1.3.4) from /Users/sethdowden/git/blog/jekyll-incorporated/vendor/bundle/ruby/2.0.0/specifications/classifier-1.3.4.gemspec
I, [2014-05-29T15:22:37.758085 #10456]  INFO -- : 0:  colorator (0.1) from /Users/sethdowden/git/blog/jekyll-incorporated/vendor/bundle/ruby/2.0.0/specifications/colorator-0.1.gemspec
I, [2014-05-29T15:23:15.670462 #10456]  INFO -- : 0:  highline (1.6.21) from /Users/sethdowden/git/blog/jekyll-incorporated/vendor/bundle/ruby/2.0.0/specifications/highline-1.6.21.gemspec
I, [2014-05-29T15:23:26.151059 #10456]  INFO -- : 0:  commander (4.1.6) from /Users/sethdowden/git/blog/jekyll-incorporated/vendor/bundle/ruby/2.0.0/specifications/commander-4.1.6.gemspec
I, [2014-05-29T15:23:39.910259 #10456]  INFO -- : 0:  execjs (2.1.0) from /Users/sethdowden/git/blog/jekyll-incorporated/vendor/bundle/ruby/2.0.0/specifications/execjs-2.1.0.gemspec
I, [2014-05-29T15:24:40.875794 #10456]  INFO -- : 0:  ffi (1.9.3) from /Users/sethdowden/git/blog/jekyll-incorporated/vendor/bundle/ruby/2.0.0/specifications/ffi-1.9.3.gemspec
I, [2014-05-29T15:32:15.272255 #10456]  INFO -- : 0:  gemoji (1.5.0) from /Users/sethdowden/git/blog/jekyll-incorporated/vendor/bundle/ruby/2.0.0/specifications/gemoji-1.5.0.gemspec
I, [2014-05-29T15:32:28.083329 #10456]  INFO -- : 0:  liquid (2.5.5) from /Users/sethdowden/git/blog/jekyll-incorporated/vendor/bundle/ruby/2.0.0/specifications/liquid-2.5.5.gemspec
I, [2014-05-29T15:32:40.797586 #10456]  INFO -- : 0:  rb-fsevent (0.9.4) from /Users/sethdowden/git/blog/jekyll-incorporated/vendor/bundle/ruby/2.0.0/specifications/rb-fsevent-0.9.4.gemspec
I, [2014-05-29T15:32:49.390675 #10456]  INFO -- : 0:  rb-inotify (0.9.4) from /Users/sethdowden/git/blog/jekyll-incorporated/vendor/bundle/ruby/2.0.0/specifications/rb-inotify-0.9.4.gemspec
I, [2014-05-29T15:33:01.790318 #10456]  INFO -- : 0:  rb-kqueue (0.2.2) from /Users/sethdowden/git/blog/jekyll-incorporated/vendor/bundle/ruby/2.0.0/specifications/rb-kqueue-0.2.2.gemspec
I, [2014-05-29T15:33:11.926000 #10456]  INFO -- : 0:  listen (1.3.1) from /Users/sethdowden/git/blog/jekyll-incorporated/vendor/bundle/ruby/2.0.0/specifications/listen-1.3.1.gemspec
I, [2014-05-29T15:33:26.351253 #10456]  INFO -- : 0:  maruku (0.7.0) from /Users/sethdowden/git/blog/jekyll-incorporated/vendor/bundle/ruby/2.0.0/specifications/maruku-0.7.0.gemspec
I, [2014-05-29T15:33:38.540933 #10456]  INFO -- : 0:  posix-spawn (0.3.8) from /Users/sethdowden/git/blog/jekyll-incorporated/vendor/bundle/ruby/2.0.0/specifications/posix-spawn-0.3.8.gemspec
I, [2014-05-29T15:34:15.998356 #10456]  INFO -- : 0:  yajl-ruby (1.1.0) from /Users/sethdowden/git/blog/jekyll-incorporated/vendor/bundle/ruby/2.0.0/specifications/yajl-ruby-1.1.0.gemspec
I, [2014-05-29T15:35:36.183308 #10456]  INFO -- : 0:  pygments.rb (0.5.4) from /Users/sethdowden/git/blog/jekyll-incorporated/vendor/bundle/ruby/2.0.0/specifications/pygments.rb-0.5.4.gemspec
I, [2014-05-29T15:35:49.374411 #10456]  INFO -- : 0:  redcarpet (2.3.0) from /Users/sethdowden/git/blog/jekyll-incorporated/vendor/bundle/ruby/2.0.0/specifications/redcarpet-2.3.0.gemspec
I, [2014-05-29T15:36:00.335870 #10456]  INFO -- : 0:  safe_yaml (1.0.3) from /Users/sethdowden/git/blog/jekyll-incorporated/vendor/bundle/ruby/2.0.0/specifications/safe_yaml-1.0.3.gemspec
I, [2014-05-29T15:36:12.064868 #10456]  INFO -- : 0:  parslet (1.5.0) from /Users/sethdowden/git/blog/jekyll-incorporated/vendor/bundle/ruby/2.0.0/specifications/parslet-1.5.0.gemspec
I, [2014-05-29T15:36:21.481223 #10456]  INFO -- : 0:  toml (0.1.1) from /Users/sethdowden/git/blog/jekyll-incorporated/vendor/bundle/ruby/2.0.0/specifications/toml-0.1.1.gemspec
I, [2014-05-29T15:36:37.352333 #10456]  INFO -- : 0:  jekyll (1.5.1) from /Users/sethdowden/git/blog/jekyll-incorporated/vendor/bundle/ruby/2.0.0/specifications/jekyll-1.5.1.gemspec
I, [2014-05-29T15:36:45.446632 #10456]  INFO -- : 0:  mini_portile (0.6.0) from /Users/sethdowden/git/blog/jekyll-incorporated/vendor/bundle/ruby/2.0.0/specifications/mini_portile-0.6.0.gemspec
I, [2014-05-29T15:49:08.752171 #10456]  INFO -- : 0:  nokogiri (1.6.2.1) from /Users/sethdowden/git/blog/jekyll-incorporated/vendor/bundle/ruby/2.0.0/specifications/nokogiri-1.6.2.1.gemspec
I, [2014-05-29T15:49:19.910127 #10456]  INFO -- : 0:  html-pipeline (1.5.0) from /Users/sethdowden/git/blog/jekyll-incorporated/vendor/bundle/ruby/2.0.0/specifications/html-pipeline-1.5.0.gemspec
I, [2014-05-29T15:49:31.531079 #10456]  INFO -- : 0:  jekyll-mentions (0.0.6) from /Users/sethdowden/git/blog/jekyll-incorporated/vendor/bundle/ruby/2.0.0/specifications/jekyll-mentions-0.0.6.gemspec
I, [2014-05-29T15:49:40.850135 #10456]  INFO -- : 0:  jekyll-redirect-from (0.3.1) from /Users/sethdowden/git/blog/jekyll-incorporated/vendor/bundle/ruby/2.0.0/specifications/jekyll-redirect-from-0.3.1.gemspec
I, [2014-05-29T15:49:52.197417 #10456]  INFO -- : 0:  jekyll-sitemap (0.3.0) from /Users/sethdowden/git/blog/jekyll-incorporated/vendor/bundle/ruby/2.0.0/specifications/jekyll-sitemap-0.3.0.gemspec
I, [2014-05-29T15:49:59.298824 #10456]  INFO -- : 0:  jemoji (0.1.0) from /Users/sethdowden/git/blog/jekyll-incorporated/vendor/bundle/ruby/2.0.0/specifications/jemoji-0.1.0.gemspec
I, [2014-05-29T15:50:03.829947 #10456]  INFO -- : 0:  kramdown (1.3.1) from /Users/sethdowden/git/blog/jekyll-incorporated/vendor/bundle/ruby/2.0.0/specifications/kramdown-1.3.1.gemspec
I, [2014-05-29T15:50:10.043806 #10456]  INFO -- : 0:  rdiscount (2.1.7) from /Users/sethdowden/git/blog/jekyll-incorporated/vendor/bundle/ruby/2.0.0/specifications/rdiscount-2.1.7.gemspec
I, [2014-05-29T15:50:12.919613 #10456]  INFO -- : 0:  github-pages (19) from /Users/sethdowden/git/blog/jekyll-incorporated/vendor/bundle/ruby/2.0.0/specifications/github-pages-19.gemspec
I, [2014-05-29T15:50:15.382911 #10456]  INFO -- : 0:  hike (1.2.3) from /Users/sethdowden/git/blog/jekyll-incorporated/vendor/bundle/ruby/2.0.0/specifications/hike-1.2.3.gemspec
I, [2014-05-29T15:50:23.433006 #10456]  INFO -- : 0:  sass (3.3.7) from /Users/sethdowden/git/blog/jekyll-incorporated/vendor/bundle/ruby/2.0.0/specifications/sass-3.3.7.gemspec
I, [2014-05-29T15:50:29.947110 #10456]  INFO -- : 0:  multi_json (1.10.1) from /Users/sethdowden/git/blog/jekyll-incorporated/vendor/bundle/ruby/2.0.0/specifications/multi_json-1.10.1.gemspec
I, [2014-05-29T15:50:52.082504 #10456]  INFO -- : 0:  rack (1.5.2) from /Users/sethdowden/git/blog/jekyll-incorporated/vendor/bundle/ruby/2.0.0/specifications/rack-1.5.2.gemspec
I, [2014-05-29T15:50:53.568658 #10456]  INFO -- : 0:  tilt (1.4.1) from /Users/sethdowden/git/blog/jekyll-incorporated/vendor/bundle/ruby/2.0.0/specifications/tilt-1.4.1.gemspec
I, [2014-05-29T15:50:54.859951 #10456]  INFO -- : 0:  sprockets (2.12.1) from /Users/sethdowden/git/blog/jekyll-incorporated/vendor/bundle/ruby/2.0.0/specifications/sprockets-2.12.1.gemspec
I, [2014-05-29T15:50:56.078830 #10456]  INFO -- : 0:  jekyll-assets (0.7.9) from /Users/sethdowden/git/blog/jekyll-incorporated/vendor/bundle/ruby/2.0.0/specifications/jekyll-assets-0.7.9.gemspec
I, [2014-05-29T15:50:58.976116 #10456]  INFO -- : 0:  uglifier (2.5.0) from /Users/sethdowden/git/blog/jekyll-incorporated/vendor/bundle/ruby/2.0.0/specifications/uglifier-2.5.0.gemspec
I, [2014-05-29T15:50:58.976653 #10456]  INFO -- : 0:  bundler (1.5.1) from /Users/sethdowden/.rbenv/versions/2.0.0-p353/lib/ruby/gems/2.0.0/gems/bundler-1.5.1/lib/bundler/source
